<?xml version="1.0" encoding="UTF-8"?>
<testsuites name="Users" time="5.43" tests="3" failures="0" errors="0">
   <testsuite name="Users" tests="3" failures="0" errors="0" time="5.43" skipped="0" timestamp="2023-04-28 15:53:30" hostname="arums - 192.168.0.6" id="Test Suites/Users">
      <properties>
         <property name="deviceName" value=""/>
         <property name="devicePlatform" value=""/>
         <property name="logFolder" value="F:\\bootcampKatalon\\session 2\\Katalon-API\\Reports\\20230428_155328\\Users\\20230428_155328"/>
         <property name="logFiles" value="F:\\bootcampKatalon\\session 2\\Katalon-API\\Reports\\20230428_155328\\Users\\20230428_155328\\execution0.log"/>
         <property name="attachments" value=""/>
         <property name="hostName" value="arums - 192.168.0.6"/>
         <property name="hostAddress" value="192.168.0.6"/>
         <property name="os" value="Windows 10 64bit"/>
         <property name="katalonVersion" value="8.6.0.208"/>
      </properties>
      <testcase name="Test Cases/Auth/registration" time="3.825" classname="Test Cases/Auth/registration" status="PASSED">
         <system-out><![CDATA[2023-04-28 15:53:31 - [TEST_CASE][PASSED] - Test Cases/Auth/registration: Test Cases/Auth/registration

2023-04-28 15:53:31 - [TEST_STEP][PASSED] - faker = new com.github.javafaker.Faker(): null

2023-04-28 15:53:31 - [TEST_STEP][PASSED] - name = name().fullName(): null

2023-04-28 15:53:32 - [TEST_STEP][PASSED] - email = internet().emailAddress(): null

2023-04-28 15:53:32 - [TEST_STEP][PASSED] - password = internet().password(): null

2023-04-28 15:53:32 - [TEST_STEP][PASSED] - out.println(name): null

2023-04-28 15:53:32 - [TEST_STEP][PASSED] - out.println(email): null

2023-04-28 15:53:32 - [TEST_STEP][PASSED] - out.println(password): null

2023-04-28 15:53:32 - [TEST_STEP][PASSED] - response = sendRequest(findTestObject("Auth/registration")): Send request successfully

2023-04-28 15:53:34 - [MESSAGE][INFO] - HAR: F:\bootcampKatalon\session 2\Katalon-API\Reports\20230428_155328\Users\20230428_155328\requests\main\0.har

2023-04-28 15:53:34 - [MESSAGE][PASSED] - Send request successfully

2023-04-28 15:53:34 - [TEST_STEP][PASSED] - verifyResponseStatusCode(response, 201): Verify response status code successfully

2023-04-28 15:53:35 - [MESSAGE][PASSED] - Verify response status code successfully

2023-04-28 15:53:35 - [TEST_STEP][PASSED] - verifyElementPropertyValue(response, "status", "success"): Verify element property value successfully

2023-04-28 15:53:35 - [MESSAGE][PASSED] - Verify element property value successfully

2023-04-28 15:53:35 - [TEST_STEP][PASSED] - verifyElementPropertyValue(response, "message", "Toko berhasil didaftarkan"): Verify element property value successfully

2023-04-28 15:53:35 - [MESSAGE][PASSED] - Verify element property value successfully

2023-04-28 15:53:35 - [TEST_STEP][PASSED] - verifyElementPropertyValue(response, "data.name", name): Verify element property value successfully

2023-04-28 15:53:35 - [MESSAGE][PASSED] - Verify element property value successfully

2023-04-28 15:53:35 - [TEST_STEP][PASSED] - verifyElementPropertyValue(response, "data.email", email): Verify element property value successfully

2023-04-28 15:53:35 - [MESSAGE][PASSED] - Verify element property value successfully]]></system-out>
         <system-err><![CDATA[]]></system-err>
      </testcase>
      <testcase name="Test Cases/Auth/login" time="1.035" classname="Test Cases/Auth/login" status="PASSED">
         <system-out><![CDATA[2023-04-28 15:53:35 - [TEST_CASE][PASSED] - Test Cases/Auth/login: Test Cases/Auth/login

2023-04-28 15:53:35 - [TEST_STEP][PASSED] - jsonSlurper = new groovy.json.JsonSlurper(): null

2023-04-28 15:53:35 - [TEST_STEP][PASSED] - response = sendRequest(findTestObject("Auth/login")): Send request successfully

2023-04-28 15:53:36 - [MESSAGE][INFO] - HAR: F:\bootcampKatalon\session 2\Katalon-API\Reports\20230428_155328\Users\20230428_155328\requests\main\1.har

2023-04-28 15:53:36 - [MESSAGE][PASSED] - Send request successfully

2023-04-28 15:53:36 - [TEST_STEP][PASSED] - jsonResponse = jsonSlurper.parseText(response.getResponseBodyContent()): null

2023-04-28 15:53:36 - [TEST_STEP][PASSED] - verifyResponseStatusCode(response, 201): Verify response status code successfully

2023-04-28 15:53:36 - [MESSAGE][PASSED] - Verify response status code successfully

2023-04-28 15:53:36 - [TEST_STEP][PASSED] - verifyElementPropertyValue(response, "status", "success"): Verify element property value successfully

2023-04-28 15:53:36 - [MESSAGE][PASSED] - Verify element property value successfully

2023-04-28 15:53:36 - [TEST_STEP][PASSED] - verifyElementPropertyValue(response, "message", "Authentication berhasil ditambahkan"): Verify element property value successfully

2023-04-28 15:53:36 - [MESSAGE][PASSED] - Verify element property value successfully

2023-04-28 15:53:36 - [TEST_STEP][PASSED] - accessToken = accessToken: null

2023-04-28 15:53:36 - [TEST_STEP][PASSED] - schemaAssertion.LoginSchemaAssertion.loginSchemaAssertion(response): schemaAssertion.LoginSchemaAssertion.loginSchemaAssertion is PASSED

2023-04-28 15:53:36 - [MESSAGE][PASSED] - Validate with JSON Schema successfully

2023-04-28 15:53:36 - [MESSAGE][PASSED] - schemaAssertion.LoginSchemaAssertion.loginSchemaAssertion is PASSED]]></system-out>
         <system-err><![CDATA[]]></system-err>
      </testcase>
      <testcase name="Test Cases/Users/add user" time="0.234" classname="Test Cases/Users/add user" status="PASSED">
         <system-out><![CDATA[2023-04-28 15:53:36 - [TEST_CASE][PASSED] - Test Cases/Users/add user: Test Cases/Users/add user

2023-04-28 15:53:36 - [TEST_STEP][PASSED] - return null: null]]></system-out>
         <system-err><![CDATA[]]></system-err>
      </testcase>
      <system-out><![CDATA[2023-04-28 15:53:30 - [TEST_SUITE][PASSED] - Users: Test Cases/Users/add user]]></system-out>
      <system-err><![CDATA[]]></system-err>
   </testsuite>
</testsuites>
